{"/storage/Projects/Assignment/TagManagementSystem/src/jest.helpers.ts": {"path":"/storage/Projects/Assignment/TagManagementSystem/src/jest.helpers.ts","statementMap":{"0":{"start":{"line":3,"column":18},"end":{"line":3,"column":42}},"1":{"start":{"line":5,"column":17},"end":{"line":22,"column":2}},"2":{"start":{"line":24,"column":21},"end":{"line":39,"column":2}},"3":{"start":{"line":41,"column":13},"end":{"line":49,"column":2}}},"fnMap":{},"branchMap":{},"s":{"0":1,"1":1,"2":1,"3":1},"f":{},"b":{}}
,"/storage/Projects/Assignment/TagManagementSystem/src/api/endpoints.ts": {"path":"/storage/Projects/Assignment/TagManagementSystem/src/api/endpoints.ts","statementMap":{"0":{"start":{"line":1,"column":21},"end":{"line":1,"column":66}},"1":{"start":{"line":3,"column":13},"end":{"line":8,"column":2}},"2":{"start":{"line":5,"column":26},"end":{"line":5,"column":57}},"3":{"start":{"line":7,"column":34},"end":{"line":7,"column":73}}},"fnMap":{"0":{"name":"(anonymous_0)","decl":{"start":{"line":5,"column":7},"end":{"line":5,"column":8}},"loc":{"start":{"line":5,"column":26},"end":{"line":5,"column":57}}},"1":{"name":"(anonymous_1)","decl":{"start":{"line":7,"column":11},"end":{"line":7,"column":12}},"loc":{"start":{"line":7,"column":34},"end":{"line":7,"column":73}}}},"branchMap":{},"s":{"0":1,"1":1,"2":0,"3":0},"f":{"0":0,"1":0},"b":{}}
,"/storage/Projects/Assignment/TagManagementSystem/src/api/index.ts": {"path":"/storage/Projects/Assignment/TagManagementSystem/src/api/index.ts","statementMap":{"0":{"start":{"line":3,"column":0},"end":{"line":3,"column":39}},"1":{"start":{"line":6,"column":17},"end":{"line":8,"column":1}},"2":{"start":{"line":7,"column":2},"end":{"line":7,"column":47}},"3":{"start":{"line":10,"column":22},"end":{"line":12,"column":2}},"4":{"start":{"line":14,"column":25},"end":{"line":24,"column":1}},"5":{"start":{"line":15,"column":2},"end":{"line":23,"column":null}},"6":{"start":{"line":16,"column":21},"end":{"line":16,"column":47}},"7":{"start":{"line":17,"column":17},"end":{"line":17,"column":38}},"8":{"start":{"line":19,"column":4},"end":{"line":19,"column":16}},"9":{"start":{"line":21,"column":4},"end":{"line":21,"column":20}},"10":{"start":{"line":22,"column":4},"end":{"line":22,"column":21}},"11":{"start":{"line":14,"column":13},"end":{"line":14,"column":25}},"12":{"start":{"line":26,"column":29},"end":{"line":36,"column":1}},"13":{"start":{"line":27,"column":2},"end":{"line":35,"column":null}},"14":{"start":{"line":28,"column":21},"end":{"line":28,"column":51}},"15":{"start":{"line":29,"column":17},"end":{"line":29,"column":38}},"16":{"start":{"line":31,"column":4},"end":{"line":31,"column":16}},"17":{"start":{"line":33,"column":4},"end":{"line":33,"column":20}},"18":{"start":{"line":34,"column":4},"end":{"line":34,"column":21}},"19":{"start":{"line":26,"column":13},"end":{"line":26,"column":29}},"20":{"start":{"line":38,"column":23},"end":{"line":50,"column":1}},"21":{"start":{"line":39,"column":21},"end":{"line":39,"column":68}},"22":{"start":{"line":41,"column":2},"end":{"line":49,"column":null}},"23":{"start":{"line":42,"column":4},"end":{"line":46,"column":7}},"24":{"start":{"line":48,"column":4},"end":{"line":48,"column":20}},"25":{"start":{"line":38,"column":13},"end":{"line":38,"column":23}},"26":{"start":{"line":52,"column":24},"end":{"line":62,"column":1}},"27":{"start":{"line":53,"column":2},"end":{"line":61,"column":null}},"28":{"start":{"line":54,"column":4},"end":{"line":58,"column":7}},"29":{"start":{"line":60,"column":4},"end":{"line":60,"column":20}},"30":{"start":{"line":52,"column":13},"end":{"line":52,"column":24}},"31":{"start":{"line":64,"column":25},"end":{"line":73,"column":1}},"32":{"start":{"line":65,"column":2},"end":{"line":72,"column":null}},"33":{"start":{"line":66,"column":4},"end":{"line":69,"column":7}},"34":{"start":{"line":71,"column":4},"end":{"line":71,"column":20}},"35":{"start":{"line":64,"column":13},"end":{"line":64,"column":25}}},"fnMap":{"0":{"name":"(anonymous_0)","decl":{"start":{"line":6,"column":17},"end":{"line":6,"column":18}},"loc":{"start":{"line":6,"column":36},"end":{"line":8,"column":1}}},"1":{"name":"(anonymous_1)","decl":{"start":{"line":14,"column":25},"end":{"line":14,"column":30}},"loc":{"start":{"line":14,"column":64},"end":{"line":24,"column":1}}},"2":{"name":"(anonymous_2)","decl":{"start":{"line":26,"column":29},"end":{"line":26,"column":34}},"loc":{"start":{"line":26,"column":72},"end":{"line":36,"column":1}}},"3":{"name":"(anonymous_3)","decl":{"start":{"line":38,"column":23},"end":{"line":38,"column":28}},"loc":{"start":{"line":38,"column":42},"end":{"line":50,"column":1}}},"4":{"name":"(anonymous_4)","decl":{"start":{"line":52,"column":24},"end":{"line":52,"column":29}},"loc":{"start":{"line":52,"column":43},"end":{"line":62,"column":1}}},"5":{"name":"(anonymous_5)","decl":{"start":{"line":64,"column":25},"end":{"line":64,"column":30}},"loc":{"start":{"line":64,"column":44},"end":{"line":73,"column":1}}}},"branchMap":{},"s":{"0":1,"1":1,"2":0,"3":1,"4":1,"5":0,"6":0,"7":0,"8":0,"9":0,"10":0,"11":1,"12":1,"13":0,"14":0,"15":0,"16":0,"17":0,"18":0,"19":1,"20":1,"21":0,"22":0,"23":0,"24":0,"25":1,"26":1,"27":0,"28":0,"29":0,"30":1,"31":1,"32":0,"33":0,"34":0,"35":1},"f":{"0":0,"1":0,"2":0,"3":0,"4":0,"5":0},"b":{}}
,"/storage/Projects/Assignment/TagManagementSystem/src/components/index.ts": {"path":"/storage/Projects/Assignment/TagManagementSystem/src/components/index.ts","statementMap":{"0":{"start":{"line":1,"column":0},"end":{"line":1,"column":9}},"1":{"start":{"line":1,"column":9},"end":{"line":1,"column":27}},"2":{"start":{"line":2,"column":0},"end":{"line":2,"column":9}},"3":{"start":{"line":2,"column":9},"end":{"line":2,"column":29}},"4":{"start":{"line":3,"column":0},"end":{"line":3,"column":9}},"5":{"start":{"line":3,"column":9},"end":{"line":3,"column":26}}},"fnMap":{"0":{"name":"(anonymous_0)","decl":{"start":{"line":1,"column":9},"end":{"line":1,"column":16}},"loc":{"start":{"line":1,"column":9},"end":{"line":1,"column":27}}},"1":{"name":"(anonymous_1)","decl":{"start":{"line":2,"column":9},"end":{"line":2,"column":16}},"loc":{"start":{"line":2,"column":9},"end":{"line":2,"column":29}}},"2":{"name":"(anonymous_2)","decl":{"start":{"line":3,"column":9},"end":{"line":3,"column":16}},"loc":{"start":{"line":3,"column":9},"end":{"line":3,"column":26}}}},"branchMap":{},"s":{"0":1,"1":1,"2":1,"3":1,"4":1,"5":1},"f":{"0":0,"1":0,"2":0},"b":{}}
,"/storage/Projects/Assignment/TagManagementSystem/src/components/Loader/Loader.styles.ts": {"path":"/storage/Projects/Assignment/TagManagementSystem/src/components/Loader/Loader.styles.ts","statementMap":{"0":{"start":{"line":1,"column":0},"end":{"line":1,"column":48}},"1":{"start":{"line":2,"column":0},"end":{"line":2,"column":76}},"2":{"start":{"line":4,"column":25},"end":{"line":11,"column":2}},"3":{"start":{"line":13,"column":13},"end":{"line":32,"column":2}}},"fnMap":{},"branchMap":{},"s":{"0":1,"1":1,"2":1,"3":1},"f":{},"b":{}}
,"/storage/Projects/Assignment/TagManagementSystem/src/components/Loader/Loader.tsx": {"path":"/storage/Projects/Assignment/TagManagementSystem/src/components/Loader/Loader.tsx","statementMap":{"0":{"start":{"line":1,"column":0},"end":{"line":1,"column":41}},"1":{"start":{"line":3,"column":15},"end":{"line":9,"column":1}},"2":{"start":{"line":4,"column":2},"end":{"line":8,"column":4}},"3":{"start":{"line":11,"column":0},"end":{"line":11,"column":22}}},"fnMap":{"0":{"name":"(anonymous_0)","decl":{"start":{"line":3,"column":15},"end":{"line":3,"column":18}},"loc":{"start":{"line":3,"column":20},"end":{"line":9,"column":1}}}},"branchMap":{},"s":{"0":1,"1":1,"2":0,"3":1},"f":{"0":0},"b":{}}
,"/storage/Projects/Assignment/TagManagementSystem/src/components/Loader/index.tsx": {"path":"/storage/Projects/Assignment/TagManagementSystem/src/components/Loader/index.tsx","statementMap":{"0":{"start":{"line":1,"column":0},"end":{"line":1,"column":9}},"1":{"start":{"line":1,"column":9},"end":{"line":1,"column":35}}},"fnMap":{"0":{"name":"(anonymous_0)","decl":{"start":{"line":1,"column":9},"end":{"line":1,"column":16}},"loc":{"start":{"line":1,"column":9},"end":{"line":1,"column":35}}}},"branchMap":{},"s":{"0":1,"1":1},"f":{"0":0},"b":{}}
,"/storage/Projects/Assignment/TagManagementSystem/src/components/Sidebar/Sidebar.styles.ts": {"path":"/storage/Projects/Assignment/TagManagementSystem/src/components/Sidebar/Sidebar.styles.ts","statementMap":{"0":{"start":{"line":1,"column":0},"end":{"line":1,"column":37}},"1":{"start":{"line":2,"column":0},"end":{"line":2,"column":null}},"2":{"start":{"line":10,"column":13},"end":{"line":36,"column":2}}},"fnMap":{},"branchMap":{},"s":{"0":1,"1":1,"2":1},"f":{},"b":{}}
,"/storage/Projects/Assignment/TagManagementSystem/src/components/Sidebar/Sidebar.tsx": {"path":"/storage/Projects/Assignment/TagManagementSystem/src/components/Sidebar/Sidebar.tsx","statementMap":{"0":{"start":{"line":1,"column":0},"end":{"line":1,"column":42}},"1":{"start":{"line":2,"column":0},"end":{"line":2,"column":40}},"2":{"start":{"line":3,"column":0},"end":{"line":3,"column":52}},"3":{"start":{"line":5,"column":16},"end":{"line":19,"column":1}},"4":{"start":{"line":6,"column":2},"end":{"line":18,"column":4}},"5":{"start":{"line":12,"column":10},"end":{"line":12,"column":null}},"6":{"start":{"line":21,"column":0},"end":{"line":21,"column":23}}},"fnMap":{"0":{"name":"(anonymous_0)","decl":{"start":{"line":5,"column":16},"end":{"line":5,"column":19}},"loc":{"start":{"line":5,"column":21},"end":{"line":19,"column":1}}},"1":{"name":"(anonymous_1)","decl":{"start":{"line":11,"column":24},"end":{"line":11,"column":25}},"loc":{"start":{"line":12,"column":10},"end":{"line":12,"column":null}}}},"branchMap":{},"s":{"0":1,"1":1,"2":1,"3":1,"4":0,"5":0,"6":1},"f":{"0":0,"1":0},"b":{}}
,"/storage/Projects/Assignment/TagManagementSystem/src/components/Sidebar/index.tsx": {"path":"/storage/Projects/Assignment/TagManagementSystem/src/components/Sidebar/index.tsx","statementMap":{"0":{"start":{"line":1,"column":0},"end":{"line":1,"column":9}},"1":{"start":{"line":1,"column":9},"end":{"line":1,"column":36}}},"fnMap":{"0":{"name":"(anonymous_0)","decl":{"start":{"line":1,"column":9},"end":{"line":1,"column":16}},"loc":{"start":{"line":1,"column":9},"end":{"line":1,"column":36}}}},"branchMap":{},"s":{"0":1,"1":1},"f":{"0":0},"b":{}}
,"/storage/Projects/Assignment/TagManagementSystem/src/components/TagEditor/TagEditor.styles.ts": {"path":"/storage/Projects/Assignment/TagManagementSystem/src/components/TagEditor/TagEditor.styles.ts","statementMap":{"0":{"start":{"line":1,"column":0},"end":{"line":1,"column":37}},"1":{"start":{"line":2,"column":0},"end":{"line":2,"column":null}},"2":{"start":{"line":13,"column":13},"end":{"line":117,"column":2}}},"fnMap":{},"branchMap":{},"s":{"0":1,"1":1,"2":1},"f":{},"b":{}}
,"/storage/Projects/Assignment/TagManagementSystem/src/components/TagEditor/TagEditor.tsx": {"path":"/storage/Projects/Assignment/TagManagementSystem/src/components/TagEditor/TagEditor.tsx","statementMap":{"0":{"start":{"line":1,"column":0},"end":{"line":1,"column":61}},"1":{"start":{"line":2,"column":0},"end":{"line":2,"column":44}},"2":{"start":{"line":3,"column":0},"end":{"line":3,"column":39}},"3":{"start":{"line":4,"column":0},"end":{"line":4,"column":54}},"4":{"start":{"line":5,"column":0},"end":{"line":5,"column":68}},"5":{"start":{"line":6,"column":0},"end":{"line":6,"column":54}},"6":{"start":{"line":7,"column":0},"end":{"line":7,"column":34}},"7":{"start":{"line":9,"column":18},"end":{"line":159,"column":1}},"8":{"start":{"line":17,"column":6},"end":{"line":17,"column":28}},"9":{"start":{"line":19,"column":16},"end":{"line":19,"column":26}},"10":{"start":{"line":21,"column":17},"end":{"line":23,"column":25}},"11":{"start":{"line":22,"column":4},"end":{"line":22,"column":20}},"12":{"start":{"line":25,"column":46},"end":{"line":25,"column":69}},"13":{"start":{"line":27,"column":23},"end":{"line":33,"column":3}},"14":{"start":{"line":32,"column":4},"end":{"line":32,"column":65}},"15":{"start":{"line":35,"column":26},"end":{"line":43,"column":3}},"16":{"start":{"line":36,"column":4},"end":{"line":40,"column":null}},"17":{"start":{"line":37,"column":6},"end":{"line":37,"column":26}},"18":{"start":{"line":39,"column":6},"end":{"line":39,"column":25}},"19":{"start":{"line":42,"column":4},"end":{"line":42,"column":28}},"20":{"start":{"line":45,"column":32},"end":{"line":51,"column":3}},"21":{"start":{"line":46,"column":4},"end":{"line":48,"column":null}},"22":{"start":{"line":47,"column":6},"end":{"line":47,"column":22}},"23":{"start":{"line":49,"column":4},"end":{"line":49,"column":33}},"24":{"start":{"line":50,"column":4},"end":{"line":50,"column":26}},"25":{"start":{"line":53,"column":20},"end":{"line":56,"column":3}},"26":{"start":{"line":54,"column":4},"end":{"line":54,"column":25}},"27":{"start":{"line":55,"column":4},"end":{"line":55,"column":28}},"28":{"start":{"line":58,"column":18},"end":{"line":66,"column":3}},"29":{"start":{"line":59,"column":4},"end":{"line":59,"column":29}},"30":{"start":{"line":61,"column":4},"end":{"line":63,"column":7}},"31":{"start":{"line":62,"column":6},"end":{"line":62,"column":27}},"32":{"start":{"line":65,"column":4},"end":{"line":65,"column":28}},"33":{"start":{"line":68,"column":2},"end":{"line":158,"column":11}},"34":{"start":{"line":85,"column":33},"end":{"line":85,"column":60}},"35":{"start":{"line":112,"column":18},"end":{"line":113,"column":null}},"36":{"start":{"line":132,"column":18},"end":{"line":132,"column":40}},"37":{"start":{"line":161,"column":0},"end":{"line":161,"column":25}}},"fnMap":{"0":{"name":"(anonymous_0)","decl":{"start":{"line":9,"column":18},"end":{"line":9,"column":21}},"loc":{"start":{"line":9,"column":23},"end":{"line":159,"column":1}}},"1":{"name":"(anonymous_1)","decl":{"start":{"line":21,"column":25},"end":{"line":21,"column":28}},"loc":{"start":{"line":21,"column":30},"end":{"line":23,"column":3}}},"2":{"name":"(anonymous_2)","decl":{"start":{"line":27,"column":23},"end":{"line":27,"column":null}},"loc":{"start":{"line":31,"column":6},"end":{"line":33,"column":3}}},"3":{"name":"(anonymous_3)","decl":{"start":{"line":35,"column":26},"end":{"line":35,"column":31}},"loc":{"start":{"line":35,"column":37},"end":{"line":43,"column":3}}},"4":{"name":"(anonymous_4)","decl":{"start":{"line":45,"column":32},"end":{"line":45,"column":37}},"loc":{"start":{"line":45,"column":68},"end":{"line":51,"column":3}}},"5":{"name":"(anonymous_5)","decl":{"start":{"line":53,"column":20},"end":{"line":53,"column":25}},"loc":{"start":{"line":53,"column":31},"end":{"line":56,"column":3}}},"6":{"name":"(anonymous_6)","decl":{"start":{"line":58,"column":18},"end":{"line":58,"column":23}},"loc":{"start":{"line":58,"column":29},"end":{"line":66,"column":3}}},"7":{"name":"(anonymous_7)","decl":{"start":{"line":61,"column":27},"end":{"line":61,"column":28}},"loc":{"start":{"line":61,"column":36},"end":{"line":63,"column":5}}},"8":{"name":"(anonymous_8)","decl":{"start":{"line":85,"column":27},"end":{"line":85,"column":30}},"loc":{"start":{"line":85,"column":33},"end":{"line":85,"column":60}}},"9":{"name":"(anonymous_9)","decl":{"start":{"line":111,"column":30},"end":{"line":111,"column":31}},"loc":{"start":{"line":112,"column":18},"end":{"line":113,"column":null}}},"10":{"name":"(anonymous_10)","decl":{"start":{"line":131,"column":27},"end":{"line":131,"column":28}},"loc":{"start":{"line":132,"column":18},"end":{"line":132,"column":40}}}},"branchMap":{"0":{"loc":{"start":{"line":36,"column":4},"end":{"line":40,"column":null}},"type":"if","locations":[{"start":{"line":36,"column":4},"end":{"line":40,"column":null}},{"start":{"line":38,"column":11},"end":{"line":40,"column":null}}]},"1":{"loc":{"start":{"line":46,"column":4},"end":{"line":48,"column":null}},"type":"if","locations":[{"start":{"line":46,"column":4},"end":{"line":48,"column":null}}]},"2":{"loc":{"start":{"line":62,"column":15},"end":{"line":62,"column":25}},"type":"binary-expr","locations":[{"start":{"line":62,"column":15},"end":{"line":62,"column":19}},{"start":{"line":62,"column":23},"end":{"line":62,"column":25}}]},"3":{"loc":{"start":{"line":68,"column":9},"end":{"line":158,"column":10}},"type":"cond-expr","locations":[{"start":{"line":69,"column":4},"end":{"line":156,"column":null}},{"start":{"line":158,"column":6},"end":{"line":158,"column":10}}]},"4":{"loc":{"start":{"line":71,"column":9},"end":{"line":154,"column":null}},"type":"cond-expr","locations":[{"start":{"line":72,"column":10},"end":{"line":151,"column":null}},{"start":{"line":154,"column":10},"end":{"line":154,"column":20}}]},"5":{"loc":{"start":{"line":74,"column":19},"end":{"line":74,"column":45}},"type":"cond-expr","locations":[{"start":{"line":74,"column":28},"end":{"line":74,"column":34}},{"start":{"line":74,"column":37},"end":{"line":74,"column":45}}]},"6":{"loc":{"start":{"line":77,"column":17},"end":{"line":80,"column":null}},"type":"binary-expr","locations":[{"start":{"line":77,"column":17},"end":{"line":77,"column":23}},{"start":{"line":78,"column":18},"end":{"line":78,"column":null}}]},"7":{"loc":{"start":{"line":150,"column":15},"end":{"line":150,"column":41}},"type":"cond-expr","locations":[{"start":{"line":150,"column":24},"end":{"line":150,"column":30}},{"start":{"line":150,"column":33},"end":{"line":150,"column":41}}]}},"s":{"0":1,"1":1,"2":1,"3":1,"4":1,"5":1,"6":1,"7":1,"8":0,"9":0,"10":0,"11":0,"12":0,"13":0,"14":0,"15":0,"16":0,"17":0,"18":0,"19":0,"20":0,"21":0,"22":0,"23":0,"24":0,"25":0,"26":0,"27":0,"28":0,"29":0,"30":0,"31":0,"32":0,"33":0,"34":0,"35":0,"36":0,"37":1},"f":{"0":0,"1":0,"2":0,"3":0,"4":0,"5":0,"6":0,"7":0,"8":0,"9":0,"10":0},"b":{"0":[0,0],"1":[0],"2":[0,0],"3":[0,0],"4":[0,0],"5":[0,0],"6":[0,0],"7":[0,0]}}
,"/storage/Projects/Assignment/TagManagementSystem/src/components/TagEditor/index.tsx": {"path":"/storage/Projects/Assignment/TagManagementSystem/src/components/TagEditor/index.tsx","statementMap":{"0":{"start":{"line":1,"column":0},"end":{"line":1,"column":9}},"1":{"start":{"line":1,"column":9},"end":{"line":1,"column":38}}},"fnMap":{"0":{"name":"(anonymous_0)","decl":{"start":{"line":1,"column":9},"end":{"line":1,"column":16}},"loc":{"start":{"line":1,"column":9},"end":{"line":1,"column":38}}}},"branchMap":{},"s":{"0":1,"1":1},"f":{"0":0},"b":{}}
,"/storage/Projects/Assignment/TagManagementSystem/src/hooks/index.ts": {"path":"/storage/Projects/Assignment/TagManagementSystem/src/hooks/index.ts","statementMap":{"0":{"start":{"line":1,"column":0},"end":{"line":1,"column":9}},"1":{"start":{"line":1,"column":9},"end":{"line":1,"column":27}},"2":{"start":{"line":2,"column":0},"end":{"line":2,"column":9}},"3":{"start":{"line":2,"column":9},"end":{"line":2,"column":31}},"4":{"start":{"line":3,"column":0},"end":{"line":3,"column":9}},"5":{"start":{"line":3,"column":9},"end":{"line":3,"column":28}}},"fnMap":{"0":{"name":"(anonymous_0)","decl":{"start":{"line":1,"column":9},"end":{"line":1,"column":16}},"loc":{"start":{"line":1,"column":9},"end":{"line":1,"column":27}}},"1":{"name":"(anonymous_1)","decl":{"start":{"line":2,"column":9},"end":{"line":2,"column":16}},"loc":{"start":{"line":2,"column":9},"end":{"line":2,"column":31}}},"2":{"name":"(anonymous_2)","decl":{"start":{"line":3,"column":9},"end":{"line":3,"column":16}},"loc":{"start":{"line":3,"column":9},"end":{"line":3,"column":28}}}},"branchMap":{},"s":{"0":1,"1":1,"2":1,"3":1,"4":1,"5":1},"f":{"0":0,"1":0,"2":0},"b":{}}
,"/storage/Projects/Assignment/TagManagementSystem/src/hooks/useTags.tsx": {"path":"/storage/Projects/Assignment/TagManagementSystem/src/hooks/useTags.tsx","statementMap":{"0":{"start":{"line":1,"column":0},"end":{"line":1,"column":44}},"1":{"start":{"line":3,"column":0},"end":{"line":3,"column":35}},"2":{"start":{"line":5,"column":16},"end":{"line":15,"column":1}},"3":{"start":{"line":6,"column":26},"end":{"line":6,"column":45}},"4":{"start":{"line":8,"column":2},"end":{"line":12,"column":9}},"5":{"start":{"line":9,"column":4},"end":{"line":11,"column":7}},"6":{"start":{"line":10,"column":6},"end":{"line":10,"column":26}},"7":{"start":{"line":14,"column":2},"end":{"line":14,"column":25}},"8":{"start":{"line":17,"column":0},"end":{"line":17,"column":23}}},"fnMap":{"0":{"name":"(anonymous_0)","decl":{"start":{"line":5,"column":16},"end":{"line":5,"column":73}},"loc":{"start":{"line":5,"column":75},"end":{"line":15,"column":1}}},"1":{"name":"(anonymous_1)","decl":{"start":{"line":8,"column":12},"end":{"line":8,"column":15}},"loc":{"start":{"line":8,"column":17},"end":{"line":12,"column":3}}},"2":{"name":"(anonymous_2)","decl":{"start":{"line":9,"column":21},"end":{"line":9,"column":22}},"loc":{"start":{"line":9,"column":30},"end":{"line":11,"column":5}}}},"branchMap":{"0":{"loc":{"start":{"line":10,"column":14},"end":{"line":10,"column":24}},"type":"binary-expr","locations":[{"start":{"line":10,"column":14},"end":{"line":10,"column":18}},{"start":{"line":10,"column":22},"end":{"line":10,"column":24}}]}},"s":{"0":1,"1":1,"2":1,"3":0,"4":0,"5":0,"6":0,"7":0,"8":1},"f":{"0":0,"1":0,"2":0},"b":{"0":[0,0]}}
,"/storage/Projects/Assignment/TagManagementSystem/src/hooks/useTriggers.tsx": {"path":"/storage/Projects/Assignment/TagManagementSystem/src/hooks/useTriggers.tsx","statementMap":{"0":{"start":{"line":1,"column":0},"end":{"line":1,"column":44}},"1":{"start":{"line":3,"column":0},"end":{"line":3,"column":39}},"2":{"start":{"line":5,"column":20},"end":{"line":15,"column":1}},"3":{"start":{"line":6,"column":34},"end":{"line":6,"column":57}},"4":{"start":{"line":8,"column":2},"end":{"line":12,"column":9}},"5":{"start":{"line":9,"column":4},"end":{"line":11,"column":7}},"6":{"start":{"line":10,"column":6},"end":{"line":10,"column":30}},"7":{"start":{"line":14,"column":2},"end":{"line":14,"column":18}},"8":{"start":{"line":17,"column":0},"end":{"line":17,"column":27}}},"fnMap":{"0":{"name":"(anonymous_0)","decl":{"start":{"line":5,"column":20},"end":{"line":5,"column":34}},"loc":{"start":{"line":5,"column":36},"end":{"line":15,"column":1}}},"1":{"name":"(anonymous_1)","decl":{"start":{"line":8,"column":12},"end":{"line":8,"column":15}},"loc":{"start":{"line":8,"column":17},"end":{"line":12,"column":3}}},"2":{"name":"(anonymous_2)","decl":{"start":{"line":9,"column":25},"end":{"line":9,"column":26}},"loc":{"start":{"line":9,"column":34},"end":{"line":11,"column":5}}}},"branchMap":{"0":{"loc":{"start":{"line":10,"column":18},"end":{"line":10,"column":28}},"type":"binary-expr","locations":[{"start":{"line":10,"column":18},"end":{"line":10,"column":22}},{"start":{"line":10,"column":26},"end":{"line":10,"column":28}}]}},"s":{"0":1,"1":1,"2":1,"3":0,"4":0,"5":0,"6":0,"7":0,"8":1},"f":{"0":0,"1":0,"2":0},"b":{"0":[0,0]}}
,"/storage/Projects/Assignment/TagManagementSystem/src/hooks/useType.tsx": {"path":"/storage/Projects/Assignment/TagManagementSystem/src/hooks/useType.tsx","statementMap":{"0":{"start":{"line":1,"column":0},"end":{"line":1,"column":44}},"1":{"start":{"line":2,"column":0},"end":{"line":2,"column":56}},"2":{"start":{"line":4,"column":17},"end":{"line":12,"column":1}},"3":{"start":{"line":5,"column":27},"end":{"line":5,"column":50}},"4":{"start":{"line":7,"column":2},"end":{"line":9,"column":9}},"5":{"start":{"line":8,"column":4},"end":{"line":8,"column":23}},"6":{"start":{"line":11,"column":2},"end":{"line":11,"column":14}},"7":{"start":{"line":14,"column":0},"end":{"line":14,"column":24}}},"fnMap":{"0":{"name":"(anonymous_0)","decl":{"start":{"line":4,"column":17},"end":{"line":4,"column":31}},"loc":{"start":{"line":4,"column":33},"end":{"line":12,"column":1}}},"1":{"name":"(anonymous_1)","decl":{"start":{"line":7,"column":12},"end":{"line":7,"column":15}},"loc":{"start":{"line":7,"column":17},"end":{"line":9,"column":3}}}},"branchMap":{},"s":{"0":1,"1":1,"2":1,"3":0,"4":0,"5":0,"6":0,"7":1},"f":{"0":0,"1":0},"b":{}}
,"/storage/Projects/Assignment/TagManagementSystem/src/pages/Triggers/Triggers.styles.ts": {"path":"/storage/Projects/Assignment/TagManagementSystem/src/pages/Triggers/Triggers.styles.ts","statementMap":{"0":{"start":{"line":1,"column":0},"end":{"line":1,"column":37}},"1":{"start":{"line":2,"column":0},"end":{"line":2,"column":null}},"2":{"start":{"line":9,"column":13},"end":{"line":47,"column":2}}},"fnMap":{},"branchMap":{},"s":{"0":1,"1":1,"2":1},"f":{},"b":{}}
,"/storage/Projects/Assignment/TagManagementSystem/src/pages/Triggers/Triggers.tsx": {"path":"/storage/Projects/Assignment/TagManagementSystem/src/pages/Triggers/Triggers.tsx","statementMap":{"0":{"start":{"line":1,"column":0},"end":{"line":1,"column":44}},"1":{"start":{"line":2,"column":0},"end":{"line":2,"column":43}},"2":{"start":{"line":3,"column":0},"end":{"line":3,"column":54}},"3":{"start":{"line":4,"column":0},"end":{"line":4,"column":42}},"4":{"start":{"line":6,"column":16},"end":{"line":19,"column":null}},"5":{"start":{"line":15,"column":2},"end":{"line":18,"column":null}},"6":{"start":{"line":22,"column":17},"end":{"line":49,"column":1}},"7":{"start":{"line":23,"column":23},"end":{"line":23,"column":45}},"8":{"start":{"line":25,"column":25},"end":{"line":27,"column":16}},"9":{"start":{"line":26,"column":4},"end":{"line":26,"column":37}},"10":{"start":{"line":29,"column":2},"end":{"line":48,"column":4}},"11":{"start":{"line":36,"column":12},"end":{"line":37,"column":null}},"12":{"start":{"line":51,"column":0},"end":{"line":51,"column":24}}},"fnMap":{"0":{"name":"(anonymous_0)","decl":{"start":{"line":6,"column":16},"end":{"line":6,"column":17}},"loc":{"start":{"line":15,"column":2},"end":{"line":18,"column":null}}},"1":{"name":"(anonymous_1)","decl":{"start":{"line":22,"column":17},"end":{"line":22,"column":20}},"loc":{"start":{"line":22,"column":22},"end":{"line":49,"column":1}}},"2":{"name":"(anonymous_2)","decl":{"start":{"line":25,"column":33},"end":{"line":25,"column":36}},"loc":{"start":{"line":25,"column":38},"end":{"line":27,"column":3}}},"3":{"name":"(anonymous_3)","decl":{"start":{"line":35,"column":23},"end":{"line":35,"column":24}},"loc":{"start":{"line":36,"column":12},"end":{"line":37,"column":null}}}},"branchMap":{"0":{"loc":{"start":{"line":34,"column":9},"end":{"line":44,"column":null}},"type":"cond-expr","locations":[{"start":{"line":35,"column":10},"end":{"line":42,"column":12}},{"start":{"line":44,"column":10},"end":{"line":44,"column":20}}]}},"s":{"0":1,"1":1,"2":1,"3":1,"4":1,"5":0,"6":1,"7":0,"8":0,"9":0,"10":0,"11":0,"12":1},"f":{"0":0,"1":0,"2":0,"3":0},"b":{"0":[0,0]}}
,"/storage/Projects/Assignment/TagManagementSystem/src/shared/constants.ts": {"path":"/storage/Projects/Assignment/TagManagementSystem/src/shared/constants.ts","statementMap":{"0":{"start":{"line":3,"column":0},"end":{"line":3,"column":34}},"1":{"start":{"line":5,"column":13},"end":{"line":5,"column":30}},"2":{"start":{"line":6,"column":26},"end":{"line":6,"column":73}},"3":{"start":{"line":6,"column":53},"end":{"line":6,"column":73}},"4":{"start":{"line":6,"column":13},"end":{"line":6,"column":26}},"5":{"start":{"line":7,"column":26},"end":{"line":8,"column":69}},"6":{"start":{"line":8,"column":2},"end":{"line":8,"column":69}},"7":{"start":{"line":7,"column":13},"end":{"line":7,"column":26}},"8":{"start":{"line":9,"column":13},"end":{"line":9,"column":42}},"9":{"start":{"line":10,"column":13},"end":{"line":10,"column":41}},"10":{"start":{"line":16,"column":13},"end":{"line":21,"column":2}},"11":{"start":{"line":23,"column":13},"end":{"line":27,"column":11}},"12":{"start":{"line":29,"column":13},"end":{"line":31,"column":11}},"13":{"start":{"line":30,"column":30},"end":{"line":30,"column":55}},"14":{"start":{"line":33,"column":13},"end":{"line":38,"column":2}},"15":{"start":{"line":40,"column":13},"end":{"line":47,"column":2}},"16":{"start":{"line":49,"column":13},"end":{"line":53,"column":2}}},"fnMap":{"0":{"name":"(anonymous_0)","decl":{"start":{"line":6,"column":26},"end":{"line":6,"column":27}},"loc":{"start":{"line":6,"column":53},"end":{"line":6,"column":73}}},"1":{"name":"(anonymous_1)","decl":{"start":{"line":7,"column":26},"end":{"line":7,"column":27}},"loc":{"start":{"line":8,"column":2},"end":{"line":8,"column":69}}},"2":{"name":"(anonymous_2)","decl":{"start":{"line":30,"column":11},"end":{"line":30,"column":12}},"loc":{"start":{"line":30,"column":30},"end":{"line":30,"column":55}}}},"branchMap":{"0":{"loc":{"start":{"line":6,"column":63},"end":{"line":6,"column":69}},"type":"binary-expr","locations":[{"start":{"line":6,"column":63},"end":{"line":6,"column":64}},{"start":{"line":6,"column":68},"end":{"line":6,"column":69}}]},"1":{"loc":{"start":{"line":8,"column":5},"end":{"line":8,"column":11}},"type":"binary-expr","locations":[{"start":{"line":8,"column":5},"end":{"line":8,"column":6}},{"start":{"line":8,"column":10},"end":{"line":8,"column":11}}]},"2":{"loc":{"start":{"line":8,"column":17},"end":{"line":8,"column":23}},"type":"binary-expr","locations":[{"start":{"line":8,"column":17},"end":{"line":8,"column":18}},{"start":{"line":8,"column":22},"end":{"line":8,"column":23}}]},"3":{"loc":{"start":{"line":8,"column":29},"end":{"line":8,"column":40}},"type":"binary-expr","locations":[{"start":{"line":8,"column":29},"end":{"line":8,"column":35}},{"start":{"line":8,"column":39},"end":{"line":8,"column":40}}]}},"s":{"0":1,"1":1,"2":1,"3":3,"4":1,"5":1,"6":1,"7":1,"8":1,"9":1,"10":1,"11":1,"12":1,"13":14,"14":1,"15":1,"16":1},"f":{"0":3,"1":1,"2":14},"b":{"0":[3,0],"1":[1,1],"2":[1,0],"3":[1,0]}}
,"/storage/Projects/Assignment/TagManagementSystem/src/shared/routes.ts": {"path":"/storage/Projects/Assignment/TagManagementSystem/src/shared/routes.ts","statementMap":{"0":{"start":{"line":1,"column":13},"end":{"line":5,"column":2}}},"fnMap":{},"branchMap":{},"s":{"0":1},"f":{},"b":{}}
}
